<?xml version="1.0" encoding="utf-8"?><testsuites name="pytest tests"><testsuite name="pytest" errors="0" failures="0" skipped="0" tests="5" time="2.434" timestamp="2025-07-01T13:03:52.713263+00:00" hostname="ip-172-31-87-137"><testcase classname="test.rest-test.test-rest" name="test_1_list_todos" time="0.455" /><testcase classname="test.rest-test.test-rest" name="test_2_create_todo" time="0.447" /><testcase classname="test.rest-test.test-rest" name="test_3_get_todo" time="0.467" /><testcase classname="test.rest-test.test-rest" name="test_4_update_todo" time="0.461" /><testcase classname="test.rest-test.test-rest" name="test_5_delete_todo" time="0.431" /></testsuite></testsuites>