<?xml version="1.0" encoding="utf-8"?><testsuites name="pytest tests"><testsuite name="pytest" errors="1" failures="0" skipped="0" tests="1" time="0.352" timestamp="2025-07-01T12:42:30.427598+00:00" hostname="ip-172-31-87-137"><testcase classname="" name="test.unit.TestToDo" time="0.000"><error message="collection failure">ImportError while importing test module '/var/lib/jenkins/workspace/cp1.4/test/unit/TestToDo.py'.
Hint: make sure your test modules/packages have valid Python names.
Traceback:
/usr/lib/python3.10/importlib/__init__.py:126: in import_module
    return _bootstrap._gcd_import(name[level:], package, level)
test/unit/TestToDo.py:5: in &lt;module&gt;
    from moto import mock_dynamodb2
E   ModuleNotFoundError: No module named 'moto'</error></testcase></testsuite></testsuites>